Using pre-set license
Built from '2020.3/staging' branch; Version is '2020.3.10f1 (297d780c91bc) revision 2719096'; Using compiler version '192528614'; Build Type 'Release'
OS: 'Windows 10 Pro; OS build 19043.1165; Version 2009; 64bit' Language: 'en' Physical Memory: 7981 MB
BatchMode: 1, IsHumanControllingUs: 0, StartBugReporterOnCrash: 0, Is64bit: 1, IsPro: 0

 COMMAND LINE ARGUMENTS:
C:\Program Files\Unity\Hub\Editor\2020.3.10f1\Editor\Unity.exe
-adb2
-batchMode
-noUpm
-name
AssetImportWorker0
-projectPath
C:/Users/Beta Mode/Documents/TacticalMandoFullVersion
-logFile
Logs/AssetImportWorker0.log
-srvPort
62884
Successfully changed project path to: C:/Users/Beta Mode/Documents/TacticalMandoFullVersion
C:/Users/Beta Mode/Documents/TacticalMandoFullVersion
Using Asset Import Pipeline V2.
Refreshing native plugins compatible for Editor in 57.99 ms, found 3 plugins.
Preloading 0 native plugins for Editor in 0.00 ms.
Initialize engine version: 2020.3.10f1 (297d780c91bc)
[Subsystems] Discovering subsystems at path C:/Program Files/Unity/Hub/Editor/2020.3.10f1/Editor/Data/Resources/UnitySubsystems
[Subsystems] Discovering subsystems at path C:/Users/Beta Mode/Documents/TacticalMandoFullVersion/Assets
GfxDevice: creating device client; threaded=0
Direct3D:
    Version:  Direct3D 11.0 [level 11.1]
    Renderer: NVIDIA GeForce GTX 1650 Ti (ID=0x1f95)
    Vendor:   
    VRAM:     3962 MB
    Driver:   27.21.14.5720
Initialize mono
Mono path[0] = 'C:/Program Files/Unity/Hub/Editor/2020.3.10f1/Editor/Data/Managed'
Mono path[1] = 'C:/Program Files/Unity/Hub/Editor/2020.3.10f1/Editor/Data/MonoBleedingEdge/lib/mono/unityjit'
Mono config path = 'C:/Program Files/Unity/Hub/Editor/2020.3.10f1/Editor/Data/MonoBleedingEdge/etc'
Using monoOptions --debugger-agent=transport=dt_socket,embedding=1,server=y,suspend=n,address=127.0.0.1:56100
Begin MonoManager ReloadAssembly
Registering precompiled unity dll's ...
Register platform support module: C:/Program Files/Unity/Hub/Editor/2020.3.10f1/Editor/Data/PlaybackEngines/WindowsStandaloneSupport/UnityEditor.WindowsStandalone.Extensions.dll
Registered in 0.002087 seconds.
Native extension for WindowsStandalone target not found
Refreshing native plugins compatible for Editor in 50.75 ms, found 3 plugins.
Preloading 0 native plugins for Editor in 0.00 ms.
Mono: successfully reloaded assembly
- Completed reload, in  1.498 seconds
Platform modules already initialized, skipping
Registering precompiled user dll's ...
Registered in 0.010396 seconds.
Begin MonoManager ReloadAssembly
Native extension for WindowsStandalone target not found
Refreshing native plugins compatible for Editor in 58.14 ms, found 3 plugins.
Preloading 0 native plugins for Editor in 0.00 ms.
Could not load assembly UnityEditor.Android.Extensions, Version=1.0.0.0, Culture=neutral, PublicKeyToken=null
UnityEngine.StackTraceUtility:ExtractStackTrace ()
UnityEngine.DebugLogHandler:LogFormat (UnityEngine.LogType,UnityEngine.Object,string,object[])
UnityEngine.Logger:Log (UnityEngine.LogType,object)
UnityEngine.Debug:LogWarning (object)
Unity.Burst.Editor.BurstReflection:CollectAssembly (System.Reflection.Assembly,System.Collections.Generic.HashSet`1<System.Reflection.Assembly>) (at Library/PackageCache/com.unity.burst@1.2.3/Editor/BurstReflection.cs:260)
Unity.Burst.Editor.BurstReflection:GetAssemblyList (UnityEditor.Compilation.AssembliesType) (at Library/PackageCache/com.unity.burst@1.2.3/Editor/BurstReflection.cs:239)
Unity.Burst.Editor.BurstLoader:.cctor () (at Library/PackageCache/com.unity.burst@1.2.3/Editor/BurstLoader.cs:69)
System.Runtime.CompilerServices.RuntimeHelpers:RunClassConstructor (System.RuntimeTypeHandle)
UnityEditor.EditorAssemblies:ProcessInitializeOnLoadAttributes (System.Type[])

(Filename: Library/PackageCache/com.unity.burst@1.2.3/Editor/BurstReflection.cs Line: 260)

Mono: successfully reloaded assembly
- Completed reload, in  1.274 seconds
Platform modules already initialized, skipping
========================================================================
Worker process is ready to serve import requests
Launched and connected shader compiler UnityShaderCompiler.exe after 0.03 seconds
Refreshing native plugins compatible for Editor in 0.69 ms, found 3 plugins.
Preloading 0 native plugins for Editor in 0.00 ms.
Unloading 2973 Unused Serialized files (Serialized files now loaded: 0)
System memory in use before: 131.8 MB.
System memory in use after: 131.7 MB.

Unloading 45 unused Assets to reduce memory usage. Loaded Objects now: 3409.
Total: 2.763300 ms (FindLiveObjects: 0.321900 ms CreateObjectMapping: 0.175700 ms MarkObjects: 2.080800 ms  DeleteObjects: 0.183800 ms)

========================================================================
Received Import Request.
  path: Assets/ErbGameArt
  artifactKey: Guid(c85d772704c9bbc4f9d4ab78def532b4) Importer(815301076,1909f56bfc062723c751e8b465ee728b)
Start importing Assets/ErbGameArt using Guid(c85d772704c9bbc4f9d4ab78def532b4) Importer(815301076,1909f56bfc062723c751e8b465ee728b)  -> (artifact id: 'd934e3fae372e2b3d8aa65fd2a9c4516') in 0.005400 seconds
  Import took 0.009512 seconds .

========================================================================
Received Prepare
Registering precompiled user dll's ...
Registered in 0.008875 seconds.
Begin MonoManager ReloadAssembly
Native extension for WindowsStandalone target not found
Refreshing native plugins compatible for Editor in 0.63 ms, found 3 plugins.
Preloading 0 native plugins for Editor in 0.00 ms.
Could not load assembly UnityEditor.Android.Extensions, Version=1.0.0.0, Culture=neutral, PublicKeyToken=null
UnityEngine.StackTraceUtility:ExtractStackTrace ()
UnityEngine.DebugLogHandler:LogFormat (UnityEngine.LogType,UnityEngine.Object,string,object[])
UnityEngine.Logger:Log (UnityEngine.LogType,object)
UnityEngine.Debug:LogWarning (object)
Unity.Burst.Editor.BurstReflection:CollectAssembly (System.Reflection.Assembly,System.Collections.Generic.HashSet`1<System.Reflection.Assembly>) (at Library/PackageCache/com.unity.burst@1.2.3/Editor/BurstReflection.cs:260)
Unity.Burst.Editor.BurstReflection:GetAssemblyList (UnityEditor.Compilation.AssembliesType) (at Library/PackageCache/com.unity.burst@1.2.3/Editor/BurstReflection.cs:239)
Unity.Burst.Editor.BurstLoader:.cctor () (at Library/PackageCache/com.unity.burst@1.2.3/Editor/BurstLoader.cs:69)
System.Runtime.CompilerServices.RuntimeHelpers:RunClassConstructor (System.RuntimeTypeHandle)
UnityEditor.EditorAssemblies:ProcessInitializeOnLoadAttributes (System.Type[])

(Filename: Library/PackageCache/com.unity.burst@1.2.3/Editor/BurstReflection.cs Line: 260)

Mono: successfully reloaded assembly
- Completed reload, in  1.062 seconds
Platform modules already initialized, skipping
Switching build target platform(19) subTarget(0) extendedPlatform(0) -> platform(13) subTarget(537395200) extendedPlatform(0)
Refreshing native plugins compatible for Editor in 0.65 ms, found 3 plugins.
Preloading 0 native plugins for Editor in 0.00 ms.
Unloading 2903 Unused Serialized files (Serialized files now loaded: 0)
System memory in use before: 124.6 MB.
System memory in use after: 124.8 MB.

Unloading 32 unused Assets to reduce memory usage. Loaded Objects now: 3408.
Total: 3.020500 ms (FindLiveObjects: 0.282500 ms CreateObjectMapping: 0.127200 ms MarkObjects: 2.555600 ms  DeleteObjects: 0.054300 ms)

AssetImportParameters requested are different than current active one (requested -> active):
  custom:graphics/normal-map-encoding: 01000000000000000000000000000000 -> 02000000000000000000000000000000
========================================================================
Received Import Request.
  Time since last request: 23.733972 seconds.
  path: Assets/Audios
  artifactKey: Guid(03f6a25656bd7324ca7b148be23e8c46) Importer(815301076,1909f56bfc062723c751e8b465ee728b)
Start importing Assets/Audios using Guid(03f6a25656bd7324ca7b148be23e8c46) Importer(815301076,1909f56bfc062723c751e8b465ee728b)  -> (artifact id: 'cf1ac7f2e44b189d5373d0b7a41df36f') in 0.004805 seconds
  Import took 0.009207 seconds .

========================================================================
Received Import Request.
  Time since last request: 0.003631 seconds.
  path: Assets/Audios
  artifactKey: Guid(03f6a25656bd7324ca7b148be23e8c46) Importer(815301076,1909f56bfc062723c751e8b465ee728b)
Start importing Assets/Audios using Guid(03f6a25656bd7324ca7b148be23e8c46) Importer(815301076,1909f56bfc062723c751e8b465ee728b)  -> (artifact id: 'cf1ac7f2e44b189d5373d0b7a41df36f') in 0.001749 seconds
  Import took 0.006270 seconds .

========================================================================
Received Import Request.
  Time since last request: 0.455381 seconds.
  path: Assets/Images
  artifactKey: Guid(7f79dee7313042444ac52c2205ab97a6) Importer(815301076,1909f56bfc062723c751e8b465ee728b)
Start importing Assets/Images using Guid(7f79dee7313042444ac52c2205ab97a6) Importer(815301076,1909f56bfc062723c751e8b465ee728b)  -> (artifact id: '8b4762469c39ce415183ae6c8787e9fe') in 0.002054 seconds
  Import took 0.007398 seconds .

========================================================================
Received Import Request.
  Time since last request: 0.000816 seconds.
  path: Assets/Images
  artifactKey: Guid(7f79dee7313042444ac52c2205ab97a6) Importer(815301076,1909f56bfc062723c751e8b465ee728b)
Start importing Assets/Images using Guid(7f79dee7313042444ac52c2205ab97a6) Importer(815301076,1909f56bfc062723c751e8b465ee728b)  -> (artifact id: '8b4762469c39ce415183ae6c8787e9fe') in 0.002047 seconds
  Import took 0.006662 seconds .

========================================================================
Received Import Request.
  Time since last request: 3.172646 seconds.
  path: Assets/Animation
  artifactKey: Guid(8afbcf9c2a84f474bab348a2c489624f) Importer(815301076,1909f56bfc062723c751e8b465ee728b)
Start importing Assets/Animation using Guid(8afbcf9c2a84f474bab348a2c489624f) Importer(815301076,1909f56bfc062723c751e8b465ee728b)  -> (artifact id: '24b3d84ee1bd9b27844974242eb69599') in 0.002026 seconds
  Import took 0.007379 seconds .

========================================================================
Received Import Request.
  Time since last request: 0.000386 seconds.
  path: Assets/Animation
  artifactKey: Guid(8afbcf9c2a84f474bab348a2c489624f) Importer(815301076,1909f56bfc062723c751e8b465ee728b)
Start importing Assets/Animation using Guid(8afbcf9c2a84f474bab348a2c489624f) Importer(815301076,1909f56bfc062723c751e8b465ee728b)  -> (artifact id: '24b3d84ee1bd9b27844974242eb69599') in 0.002683 seconds
  Import took 0.008174 seconds .

========================================================================
Received Import Request.
  Time since last request: 1.113987 seconds.
  path: Assets/Animation/Enemies
  artifactKey: Guid(fd092ff071f326141abe6e4e8eb77061) Importer(815301076,1909f56bfc062723c751e8b465ee728b)
Start importing Assets/Animation/Enemies using Guid(fd092ff071f326141abe6e4e8eb77061) Importer(815301076,1909f56bfc062723c751e8b465ee728b)  -> (artifact id: '991bb2a900bc96fb6095d302439f2296') in 0.002688 seconds
  Import took 0.008412 seconds .

========================================================================
Received Import Request.
  Time since last request: 46.617746 seconds.
  path: Assets/Palletes
  artifactKey: Guid(fd1362aeca5c0c844a9433cb6522199d) Importer(815301076,1909f56bfc062723c751e8b465ee728b)
Start importing Assets/Palletes using Guid(fd1362aeca5c0c844a9433cb6522199d) Importer(815301076,1909f56bfc062723c751e8b465ee728b)  -> (artifact id: 'dab5fad6ae5ec6ab67d86eb299bd82ab') in 0.002416 seconds
  Import took 0.007959 seconds .

========================================================================
Received Import Request.
  Time since last request: 0.004930 seconds.
  path: Assets/Palletes
  artifactKey: Guid(fd1362aeca5c0c844a9433cb6522199d) Importer(815301076,1909f56bfc062723c751e8b465ee728b)
Start importing Assets/Palletes using Guid(fd1362aeca5c0c844a9433cb6522199d) Importer(815301076,1909f56bfc062723c751e8b465ee728b)  -> (artifact id: 'dab5fad6ae5ec6ab67d86eb299bd82ab') in 0.001714 seconds
  Import took 0.006471 seconds .

========================================================================
Received Import Request.
  Time since last request: 0.763150 seconds.
  path: Assets/Palletes/Obstacle
  artifactKey: Guid(4e3ab73325b2fb54c8ef5d602f39b09f) Importer(815301076,1909f56bfc062723c751e8b465ee728b)
Start importing Assets/Palletes/Obstacle using Guid(4e3ab73325b2fb54c8ef5d602f39b09f) Importer(815301076,1909f56bfc062723c751e8b465ee728b)  -> (artifact id: 'c65b3e2520ede3851ccd264e5c70d830') in 0.002186 seconds
  Import took 0.008222 seconds .

========================================================================
Received Import Request.
  Time since last request: 0.000592 seconds.
  path: Assets/Palletes/Obstacle
  artifactKey: Guid(4e3ab73325b2fb54c8ef5d602f39b09f) Importer(815301076,1909f56bfc062723c751e8b465ee728b)
Start importing Assets/Palletes/Obstacle using Guid(4e3ab73325b2fb54c8ef5d602f39b09f) Importer(815301076,1909f56bfc062723c751e8b465ee728b)  -> (artifact id: 'c65b3e2520ede3851ccd264e5c70d830') in 0.001907 seconds
  Import took 0.007395 seconds .

========================================================================
Received Import Request.
  Time since last request: 0.601741 seconds.
  path: Assets/Palletes/Obstacle/Rock-blue.asset
  artifactKey: Guid(8c4f4279b83ee8348b5369836d39ef85) Importer(815301076,1909f56bfc062723c751e8b465ee728b)
Start importing Assets/Palletes/Obstacle/Rock-blue.asset using Guid(8c4f4279b83ee8348b5369836d39ef85) Importer(815301076,1909f56bfc062723c751e8b465ee728b)  -> (artifact id: '7a956442b2ffe9f0ce47e485ea1ce6f9') in 0.089619 seconds
  Import took 0.094086 seconds .

========================================================================
Received Import Request.
  Time since last request: 2.946451 seconds.
  path: Assets/Palletes/Obstacle/Rock-red.asset
  artifactKey: Guid(d2e2ea8d60213d7428fbb313981f4d8e) Importer(815301076,1909f56bfc062723c751e8b465ee728b)
Start importing Assets/Palletes/Obstacle/Rock-red.asset using Guid(d2e2ea8d60213d7428fbb313981f4d8e) Importer(815301076,1909f56bfc062723c751e8b465ee728b)  -> (artifact id: 'f1908f60f51ecb900957e93f7c0f9217') in 0.007608 seconds
  Import took 0.012980 seconds .

========================================================================
Received Import Request.
  Time since last request: 0.001082 seconds.
  path: Assets/Palletes/Obstacle/Rock-red.asset
  artifactKey: Guid(d2e2ea8d60213d7428fbb313981f4d8e) Importer(815301076,1909f56bfc062723c751e8b465ee728b)
Start importing Assets/Palletes/Obstacle/Rock-red.asset using Guid(d2e2ea8d60213d7428fbb313981f4d8e) Importer(815301076,1909f56bfc062723c751e8b465ee728b)  -> (artifact id: 'f1908f60f51ecb900957e93f7c0f9217') in 0.007037 seconds
  Import took 0.012572 seconds .

========================================================================
Received Import Request.
  Time since last request: 0.579089 seconds.
  path: Assets/Palletes/Obstacle/Obstacle.prefab
  artifactKey: Guid(1bdc99fd8481ae942b8137f844278c21) Importer(815301076,1909f56bfc062723c751e8b465ee728b)
Start importing Assets/Palletes/Obstacle/Obstacle.prefab using Guid(1bdc99fd8481ae942b8137f844278c21) Importer(815301076,1909f56bfc062723c751e8b465ee728b)  -> (artifact id: '64854f4c62c9e92a11a6900ad9819e08') in 0.008260 seconds
  Import took 0.012712 seconds .

========================================================================
Received Import Request.
  Time since last request: 0.015709 seconds.
  path: Assets/Palletes/Obstacle/Obstacle.prefab
  artifactKey: Guid(1bdc99fd8481ae942b8137f844278c21) Importer(815301076,1909f56bfc062723c751e8b465ee728b)
Start importing Assets/Palletes/Obstacle/Obstacle.prefab using Guid(1bdc99fd8481ae942b8137f844278c21) Importer(815301076,1909f56bfc062723c751e8b465ee728b)  -> (artifact id: '64854f4c62c9e92a11a6900ad9819e08') in 0.003324 seconds
  Import took 0.008023 seconds .

========================================================================
Received Import Request.
  Time since last request: 34.882710 seconds.
  path: Assets/Scenes
  artifactKey: Guid(78e5a2fd03e547342a19bf898f10c823) Importer(815301076,1909f56bfc062723c751e8b465ee728b)
Start importing Assets/Scenes using Guid(78e5a2fd03e547342a19bf898f10c823) Importer(815301076,1909f56bfc062723c751e8b465ee728b)  -> (artifact id: '6906ca1c72c955dea1c89d4955914d8a') in 0.002278 seconds
  Import took 0.007935 seconds .

========================================================================
Received Import Request.
  Time since last request: 0.000204 seconds.
  path: Assets/Scenes
  artifactKey: Guid(78e5a2fd03e547342a19bf898f10c823) Importer(815301076,1909f56bfc062723c751e8b465ee728b)
Start importing Assets/Scenes using Guid(78e5a2fd03e547342a19bf898f10c823) Importer(815301076,1909f56bfc062723c751e8b465ee728b)  -> (artifact id: '6906ca1c72c955dea1c89d4955914d8a') in 0.001985 seconds
  Import took 0.006621 seconds .

========================================================================
Received Import Request.
  Time since last request: 1.266556 seconds.
  path: Assets/Scenes/Game.unity
  artifactKey: Guid(2cda990e2423bbf4892e6590ba056729) Importer(815301076,1909f56bfc062723c751e8b465ee728b)
Start importing Assets/Scenes/Game.unity using Guid(2cda990e2423bbf4892e6590ba056729) Importer(815301076,1909f56bfc062723c751e8b465ee728b)  -> (artifact id: 'bdee6ee03429bae72d17548997a15b27') in 0.002385 seconds
  Import took 0.007711 seconds .

========================================================================
Received Import Request.
  Time since last request: 0.000948 seconds.
  path: Assets/Scenes/Game.unity
  artifactKey: Guid(2cda990e2423bbf4892e6590ba056729) Importer(815301076,1909f56bfc062723c751e8b465ee728b)
Start importing Assets/Scenes/Game.unity using Guid(2cda990e2423bbf4892e6590ba056729) Importer(815301076,1909f56bfc062723c751e8b465ee728b)  -> (artifact id: 'bdee6ee03429bae72d17548997a15b27') in 0.002254 seconds
  Import took 0.007130 seconds .

========================================================================
Received Import Request.
  Time since last request: 1.467061 seconds.
  path: Assets/Scenes/Menu.unity
  artifactKey: Guid(96b8ffe783300b8418ff34af193fe386) Importer(815301076,1909f56bfc062723c751e8b465ee728b)
Start importing Assets/Scenes/Menu.unity using Guid(96b8ffe783300b8418ff34af193fe386) Importer(815301076,1909f56bfc062723c751e8b465ee728b)  -> (artifact id: 'e22027f70b3e915f689b40a3581037f3') in 0.002887 seconds
  Import took 0.008450 seconds .

========================================================================
Received Import Request.
  Time since last request: 0.001077 seconds.
  path: Assets/Scenes/Menu.unity
  artifactKey: Guid(96b8ffe783300b8418ff34af193fe386) Importer(815301076,1909f56bfc062723c751e8b465ee728b)
Start importing Assets/Scenes/Menu.unity using Guid(96b8ffe783300b8418ff34af193fe386) Importer(815301076,1909f56bfc062723c751e8b465ee728b)  -> (artifact id: 'e22027f70b3e915f689b40a3581037f3') in 0.002267 seconds
  Import took 0.007315 seconds .

========================================================================
Received Prepare
Registering precompiled user dll's ...
Registered in 0.010621 seconds.
Begin MonoManager ReloadAssembly
Native extension for WindowsStandalone target not found
Refreshing native plugins compatible for Editor in 0.65 ms, found 3 plugins.
Preloading 0 native plugins for Editor in 0.00 ms.
Could not load assembly UnityEditor.Android.Extensions, Version=1.0.0.0, Culture=neutral, PublicKeyToken=null
UnityEngine.StackTraceUtility:ExtractStackTrace ()
UnityEngine.DebugLogHandler:LogFormat (UnityEngine.LogType,UnityEngine.Object,string,object[])
UnityEngine.Logger:Log (UnityEngine.LogType,object)
UnityEngine.Debug:LogWarning (object)
Unity.Burst.Editor.BurstReflection:CollectAssembly (System.Reflection.Assembly,System.Collections.Generic.HashSet`1<System.Reflection.Assembly>) (at Library/PackageCache/com.unity.burst@1.2.3/Editor/BurstReflection.cs:260)
Unity.Burst.Editor.BurstReflection:GetAssemblyList (UnityEditor.Compilation.AssembliesType) (at Library/PackageCache/com.unity.burst@1.2.3/Editor/BurstReflection.cs:239)
Unity.Burst.Editor.BurstLoader:.cctor () (at Library/PackageCache/com.unity.burst@1.2.3/Editor/BurstLoader.cs:69)
System.Runtime.CompilerServices.RuntimeHelpers:RunClassConstructor (System.RuntimeTypeHandle)
UnityEditor.EditorAssemblies:ProcessInitializeOnLoadAttributes (System.Type[])

(Filename: Library/PackageCache/com.unity.burst@1.2.3/Editor/BurstReflection.cs Line: 260)

Mono: successfully reloaded assembly
- Completed reload, in  1.131 seconds
Platform modules already initialized, skipping
Switching build target platform(19) subTarget(0) extendedPlatform(0) -> platform(13) subTarget(537395200) extendedPlatform(0)
Refreshing native plugins compatible for Editor in 0.63 ms, found 3 plugins.
Preloading 0 native plugins for Editor in 0.00 ms.
Unloading 2903 Unused Serialized files (Serialized files now loaded: 0)
System memory in use before: 127.6 MB.
System memory in use after: 127.8 MB.

Unloading 27 unused Assets to reduce memory usage. Loaded Objects now: 3417.
Total: 2.739800 ms (FindLiveObjects: 0.282100 ms CreateObjectMapping: 0.122000 ms MarkObjects: 2.282200 ms  DeleteObjects: 0.052500 ms)

AssetImportParameters requested are different than current active one (requested -> active):
  custom:graphics/normal-map-encoding: 01000000000000000000000000000000 -> 02000000000000000000000000000000
========================================================================
Received Import Request.
  Time since last request: 41.107028 seconds.
  path: Assets/Images/Icons
  artifactKey: Guid(ef39c3aa12b5d9a4aabbff565809ef3a) Importer(815301076,1909f56bfc062723c751e8b465ee728b)
Start importing Assets/Images/Icons using Guid(ef39c3aa12b5d9a4aabbff565809ef3a) Importer(815301076,1909f56bfc062723c751e8b465ee728b)  -> (artifact id: '73112c03217a0c1e6a7b5be082bce3f7') in 0.007024 seconds
  Import took 0.012531 seconds .

========================================================================
Received Prepare
Registering precompiled user dll's ...
Registered in 0.010418 seconds.
Begin MonoManager ReloadAssembly
Native extension for WindowsStandalone target not found
Refreshing native plugins compatible for Editor in 0.63 ms, found 3 plugins.
Preloading 0 native plugins for Editor in 0.00 ms.
Could not load assembly UnityEditor.Android.Extensions, Version=1.0.0.0, Culture=neutral, PublicKeyToken=null
UnityEngine.StackTraceUtility:ExtractStackTrace ()
UnityEngine.DebugLogHandler:LogFormat (UnityEngine.LogType,UnityEngine.Object,string,object[])
UnityEngine.Logger:Log (UnityEngine.LogType,object)
UnityEngine.Debug:LogWarning (object)
Unity.Burst.Editor.BurstReflection:CollectAssembly (System.Reflection.Assembly,System.Collections.Generic.HashSet`1<System.Reflection.Assembly>) (at Library/PackageCache/com.unity.burst@1.2.3/Editor/BurstReflection.cs:260)
Unity.Burst.Editor.BurstReflection:GetAssemblyList (UnityEditor.Compilation.AssembliesType) (at Library/PackageCache/com.unity.burst@1.2.3/Editor/BurstReflection.cs:239)
Unity.Burst.Editor.BurstLoader:.cctor () (at Library/PackageCache/com.unity.burst@1.2.3/Editor/BurstLoader.cs:69)
System.Runtime.CompilerServices.RuntimeHelpers:RunClassConstructor (System.RuntimeTypeHandle)
UnityEditor.EditorAssemblies:ProcessInitializeOnLoadAttributes (System.Type[])

(Filename: Library/PackageCache/com.unity.burst@1.2.3/Editor/BurstReflection.cs Line: 260)

Mono: successfully reloaded assembly
- Completed reload, in  1.083 seconds
Platform modules already initialized, skipping
Switching build target platform(19) subTarget(0) extendedPlatform(0) -> platform(13) subTarget(537395200) extendedPlatform(0)
Refreshing native plugins compatible for Editor in 0.62 ms, found 3 plugins.
Preloading 0 native plugins for Editor in 0.00 ms.
Unloading 2903 Unused Serialized files (Serialized files now loaded: 0)
System memory in use before: 127.6 MB.
System memory in use after: 127.8 MB.

Unloading 27 unused Assets to reduce memory usage. Loaded Objects now: 3421.
Total: 2.914200 ms (FindLiveObjects: 0.269800 ms CreateObjectMapping: 0.131900 ms MarkObjects: 2.458700 ms  DeleteObjects: 0.053000 ms)

AssetImportParameters requested are different than current active one (requested -> active):
  custom:graphics/normal-map-encoding: 01000000000000000000000000000000 -> 02000000000000000000000000000000
AssetImportWorkerClient::OnTransportError - code=2 error=End of file
